<?xml version="1.0" encoding="UTF-8"?>
<!-- Generated by org.testng.reporters.JUnitXMLReporter -->
<testsuite hostname="DESKTOP-FFCP13B" ignored="0" name="Default test" tests="3" failures="0" timestamp="27 May 2019 17:14:20 GMT" time="51.738" errors="0">
  <testcase name="enterLocation" time="10.87" classname="com.qa.testcases.ManageBookingsTest"/>
  <testcase name="verifyTitleTest" time="3.147" classname="com.qa.testcases.ManageBookingsTest"/>
  <testcase name="BookingSeats" time="24.806" classname="com.qa.testcases.ManageBookingsTest"/>
</testsuite> <!-- Default test -->
