<?xml version="1.0" encoding="UTF-8"?>
<testng-results skipped="0" failed="3" ignored="0" total="3" passed="0">
  <reporter-output>
  </reporter-output>
  <suite name="Default suite" duration-ms="73937" started-at="2019-05-27T00:37:24Z" finished-at="2019-05-27T00:38:38Z">
    <groups>
      <group name="BR-01">
        <method signature="ManageBookingsTest.verifyTitleTest()[pri:2, instance:com.qa.testcases.ManageBookingsTest@1d2adfbe]" name="verifyTitleTest" class="com.qa.testcases.ManageBookingsTest"/>
      </group> <!-- BR-01 -->
      <group name="BR-02">
        <method signature="ManageBookingsTest.BookingSeats(java.lang.String, java.lang.String, java.lang.String, java.lang.String, java.lang.String, java.lang.String, java.lang.String, java.lang.String)[pri:3, instance:com.qa.testcases.ManageBookingsTest@1d2adfbe]" name="BookingSeats" class="com.qa.testcases.ManageBookingsTest"/>
      </group> <!-- BR-02 -->
      <group name="BR_01">
        <method signature="ManageBookingsTest.enterLocation(java.lang.String, java.lang.String, java.lang.String)[pri:1, instance:com.qa.testcases.ManageBookingsTest@1d2adfbe]" name="enterLocation" class="com.qa.testcases.ManageBookingsTest"/>
      </group> <!-- BR_01 -->
    </groups>
    <test name="Default test" duration-ms="73937" started-at="2019-05-27T00:37:24Z" finished-at="2019-05-27T00:38:38Z">
      <class name="com.qa.testcases.ManageBookingsTest">
        <test-method status="PASS" signature="SetUp()[pri:0, instance:com.qa.testcases.ManageBookingsTest@1d2adfbe]" name="SetUp" is-config="true" duration-ms="59034" started-at="2019-05-27T00:37:24Z" finished-at="2019-05-27T00:38:23Z">
          <reporter-output>
          </reporter-output>
        </test-method> <!-- SetUp -->
        <test-method status="FAIL" signature="enterLocation(java.lang.String, java.lang.String, java.lang.String)[pri:1, instance:com.qa.testcases.ManageBookingsTest@1d2adfbe]" name="enterLocation" duration-ms="13616" started-at="2019-05-27T00:38:23Z" data-provider="getRedBusTestData" finished-at="2019-05-27T00:38:37Z">
          <exception class="org.testng.internal.reflect.MethodMatcherException">
            <message>
              <![CDATA[
Data provider mismatch
Method: enterLocation([Parameter{index=0, type=java.lang.String, declaredAnnotations=[]}, Parameter{index=1, type=java.lang.String, declaredAnnotations=[]}, Parameter{index=2, type=java.lang.String, declaredAnnotations=[]}])
Arguments: [(java.lang.String) Mumbai,(java.lang.String) Bangalore,(java.lang.String) 31-May 2019,(java.lang.String) Chirag P,(java.lang.String) 27,(java.lang.String) Male,(java.lang.String) Raj P,(java.lang.String) 30,(java.lang.String) Male,(java.lang.String) chirag.pritamnani@gmail.com,(java.lang.String) 9175837086]]]>
            </message>
            <full-stacktrace>
              <![CDATA[org.testng.internal.reflect.MethodMatcherException: 
Data provider mismatch
Method: enterLocation([Parameter{index=0, type=java.lang.String, declaredAnnotations=[]}, Parameter{index=1, type=java.lang.String, declaredAnnotations=[]}, Parameter{index=2, type=java.lang.String, declaredAnnotations=[]}])
Arguments: [(java.lang.String) Mumbai,(java.lang.String) Bangalore,(java.lang.String) 31-May 2019,(java.lang.String) Chirag P,(java.lang.String) 27,(java.lang.String) Male,(java.lang.String) Raj P,(java.lang.String) 30,(java.lang.String) Male,(java.lang.String) chirag.pritamnani@gmail.com,(java.lang.String) 9175837086]
at org.testng.internal.reflect.DataProviderMethodMatcher.getConformingArguments(DataProviderMethodMatcher.java:45)
at org.testng.internal.Parameters.injectParameters(Parameters.java:796)
at org.testng.internal.Invoker.invokeTestMethods(Invoker.java:982)
at org.testng.internal.TestMethodWorker.invokeTestMethods(TestMethodWorker.java:125)
at org.testng.internal.TestMethodWorker.run(TestMethodWorker.java:109)
at org.testng.TestRunner.privateRun(TestRunner.java:648)
at org.testng.TestRunner.run(TestRunner.java:505)
at org.testng.SuiteRunner.runTest(SuiteRunner.java:455)
at org.testng.SuiteRunner.runSequentially(SuiteRunner.java:450)
at org.testng.SuiteRunner.privateRun(SuiteRunner.java:415)
at org.testng.SuiteRunner.run(SuiteRunner.java:364)
at org.testng.SuiteRunnerWorker.runSuite(SuiteRunnerWorker.java:52)
at org.testng.SuiteRunnerWorker.run(SuiteRunnerWorker.java:84)
at org.testng.TestNG.runSuitesSequentially(TestNG.java:1208)
at org.testng.TestNG.runSuitesLocally(TestNG.java:1137)
at org.testng.TestNG.runSuites(TestNG.java:1049)
at org.testng.TestNG.run(TestNG.java:1017)
at org.testng.remote.AbstractRemoteTestNG.run(AbstractRemoteTestNG.java:114)
at org.testng.remote.RemoteTestNG.initAndRun(RemoteTestNG.java:251)
at org.testng.remote.RemoteTestNG.main(RemoteTestNG.java:77)
]]>
            </full-stacktrace>
          </exception> <!-- org.testng.internal.reflect.MethodMatcherException -->
          <reporter-output>
          </reporter-output>
        </test-method> <!-- enterLocation -->
        <test-method status="FAIL" signature="verifyTitleTest()[pri:2, instance:com.qa.testcases.ManageBookingsTest@1d2adfbe]" name="verifyTitleTest" duration-ms="39" started-at="2019-05-27T00:38:37Z" finished-at="2019-05-27T00:38:37Z">
          <exception class="java.lang.NullPointerException">
            <full-stacktrace>
              <![CDATA[java.lang.NullPointerException
at com.qa.testcases.ManageBookingsTest.verifyTitleTest(ManageBookingsTest.java:51)
at sun.reflect.NativeMethodAccessorImpl.invoke0(Native Method)
at sun.reflect.NativeMethodAccessorImpl.invoke(Unknown Source)
at sun.reflect.DelegatingMethodAccessorImpl.invoke(Unknown Source)
at java.lang.reflect.Method.invoke(Unknown Source)
at org.testng.internal.MethodInvocationHelper.invokeMethod(MethodInvocationHelper.java:124)
at org.testng.internal.Invoker.invokeMethod(Invoker.java:580)
at org.testng.internal.Invoker.invokeTestMethod(Invoker.java:716)
at org.testng.internal.Invoker.invokeTestMethods(Invoker.java:988)
at org.testng.internal.TestMethodWorker.invokeTestMethods(TestMethodWorker.java:125)
at org.testng.internal.TestMethodWorker.run(TestMethodWorker.java:109)
at org.testng.TestRunner.privateRun(TestRunner.java:648)
at org.testng.TestRunner.run(TestRunner.java:505)
at org.testng.SuiteRunner.runTest(SuiteRunner.java:455)
at org.testng.SuiteRunner.runSequentially(SuiteRunner.java:450)
at org.testng.SuiteRunner.privateRun(SuiteRunner.java:415)
at org.testng.SuiteRunner.run(SuiteRunner.java:364)
at org.testng.SuiteRunnerWorker.runSuite(SuiteRunnerWorker.java:52)
at org.testng.SuiteRunnerWorker.run(SuiteRunnerWorker.java:84)
at org.testng.TestNG.runSuitesSequentially(TestNG.java:1208)
at org.testng.TestNG.runSuitesLocally(TestNG.java:1137)
at org.testng.TestNG.runSuites(TestNG.java:1049)
at org.testng.TestNG.run(TestNG.java:1017)
at org.testng.remote.AbstractRemoteTestNG.run(AbstractRemoteTestNG.java:114)
at org.testng.remote.RemoteTestNG.initAndRun(RemoteTestNG.java:251)
at org.testng.remote.RemoteTestNG.main(RemoteTestNG.java:77)
]]>
            </full-stacktrace>
          </exception> <!-- java.lang.NullPointerException -->
          <reporter-output>
          </reporter-output>
        </test-method> <!-- verifyTitleTest -->
        <test-method status="FAIL" signature="BookingSeats(java.lang.String, java.lang.String, java.lang.String, java.lang.String, java.lang.String, java.lang.String, java.lang.String, java.lang.String)[pri:3, instance:com.qa.testcases.ManageBookingsTest@1d2adfbe]" name="BookingSeats" duration-ms="60" started-at="2019-05-27T00:38:37Z" data-provider="getRedBusTestData" finished-at="2019-05-27T00:38:37Z">
          <exception class="org.testng.internal.reflect.MethodMatcherException">
            <message>
              <![CDATA[
Data provider mismatch
Method: BookingSeats([Parameter{index=0, type=java.lang.String, declaredAnnotations=[]}, Parameter{index=1, type=java.lang.String, declaredAnnotations=[]}, Parameter{index=2, type=java.lang.String, declaredAnnotations=[]}, Parameter{index=3, type=java.lang.String, declaredAnnotations=[]}, Parameter{index=4, type=java.lang.String, declaredAnnotations=[]}, Parameter{index=5, type=java.lang.String, declaredAnnotations=[]}, Parameter{index=6, type=java.lang.String, declaredAnnotations=[]}, Parameter{index=7, type=java.lang.String, declaredAnnotations=[]}])
Arguments: [(java.lang.String) Mumbai,(java.lang.String) Bangalore,(java.lang.String) 31-May 2019,(java.lang.String) Chirag P,(java.lang.String) 27,(java.lang.String) Male,(java.lang.String) Raj P,(java.lang.String) 30,(java.lang.String) Male,(java.lang.String) chirag.pritamnani@gmail.com,(java.lang.String) 9175837086]]]>
            </message>
            <full-stacktrace>
              <![CDATA[org.testng.internal.reflect.MethodMatcherException: 
Data provider mismatch
Method: BookingSeats([Parameter{index=0, type=java.lang.String, declaredAnnotations=[]}, Parameter{index=1, type=java.lang.String, declaredAnnotations=[]}, Parameter{index=2, type=java.lang.String, declaredAnnotations=[]}, Parameter{index=3, type=java.lang.String, declaredAnnotations=[]}, Parameter{index=4, type=java.lang.String, declaredAnnotations=[]}, Parameter{index=5, type=java.lang.String, declaredAnnotations=[]}, Parameter{index=6, type=java.lang.String, declaredAnnotations=[]}, Parameter{index=7, type=java.lang.String, declaredAnnotations=[]}])
Arguments: [(java.lang.String) Mumbai,(java.lang.String) Bangalore,(java.lang.String) 31-May 2019,(java.lang.String) Chirag P,(java.lang.String) 27,(java.lang.String) Male,(java.lang.String) Raj P,(java.lang.String) 30,(java.lang.String) Male,(java.lang.String) chirag.pritamnani@gmail.com,(java.lang.String) 9175837086]
at org.testng.internal.reflect.DataProviderMethodMatcher.getConformingArguments(DataProviderMethodMatcher.java:45)
at org.testng.internal.Parameters.injectParameters(Parameters.java:796)
at org.testng.internal.Invoker.invokeTestMethods(Invoker.java:982)
at org.testng.internal.TestMethodWorker.invokeTestMethods(TestMethodWorker.java:125)
at org.testng.internal.TestMethodWorker.run(TestMethodWorker.java:109)
at org.testng.TestRunner.privateRun(TestRunner.java:648)
at org.testng.TestRunner.run(TestRunner.java:505)
at org.testng.SuiteRunner.runTest(SuiteRunner.java:455)
at org.testng.SuiteRunner.runSequentially(SuiteRunner.java:450)
at org.testng.SuiteRunner.privateRun(SuiteRunner.java:415)
at org.testng.SuiteRunner.run(SuiteRunner.java:364)
at org.testng.SuiteRunnerWorker.runSuite(SuiteRunnerWorker.java:52)
at org.testng.SuiteRunnerWorker.run(SuiteRunnerWorker.java:84)
at org.testng.TestNG.runSuitesSequentially(TestNG.java:1208)
at org.testng.TestNG.runSuitesLocally(TestNG.java:1137)
at org.testng.TestNG.runSuites(TestNG.java:1049)
at org.testng.TestNG.run(TestNG.java:1017)
at org.testng.remote.AbstractRemoteTestNG.run(AbstractRemoteTestNG.java:114)
at org.testng.remote.RemoteTestNG.initAndRun(RemoteTestNG.java:251)
at org.testng.remote.RemoteTestNG.main(RemoteTestNG.java:77)
]]>
            </full-stacktrace>
          </exception> <!-- org.testng.internal.reflect.MethodMatcherException -->
          <reporter-output>
          </reporter-output>
        </test-method> <!-- BookingSeats -->
        <test-method status="PASS" signature="TearDown()[pri:0, instance:com.qa.testcases.ManageBookingsTest@1d2adfbe]" name="TearDown" is-config="true" duration-ms="998" started-at="2019-05-27T00:38:37Z" finished-at="2019-05-27T00:38:38Z">
          <reporter-output>
          </reporter-output>
        </test-method> <!-- TearDown -->
      </class> <!-- com.qa.testcases.ManageBookingsTest -->
    </test> <!-- Default test -->
  </suite> <!-- Default suite -->
</testng-results>
