<?xml version="1.0" encoding="UTF-8"?>
<!-- Generated by org.testng.reporters.JUnitXMLReporter -->
<testsuite hostname="DESKTOP-FFCP13B" ignored="0" name="RedBus Testcases" tests="3" failures="0" timestamp="02 Jun 2019 10:12:30 GMT" time="63.828" errors="0">
  <testcase name="enterLocation" time="10.311" classname="com.qa.testcases.ManageBookingsTest"/>
  <testcase name="verifyTitleTest" time="3.219" classname="com.qa.testcases.ManageBookingsTest"/>
  <testcase name="BookingSeats" time="31.903" classname="com.qa.testcases.ManageBookingsTest"/>
</testsuite> <!-- RedBus Testcases -->
